\BOOKMARK [1][-]{section.1}{ABSTRACT}{}% 1
\BOOKMARK [1][-]{section.2}{INTRODUCTION}{}% 2
\BOOKMARK [2][-]{subsection.2.1}{MOTIVATION}{section.2}% 3
\BOOKMARK [1][-]{section.3}{LITERATURE REVIEW}{}% 4
\BOOKMARK [2][-]{subsection.3.1}{METHODS USED IN BASE PAPER}{section.3}% 5
\BOOKMARK [3][-]{subsubsection.3.1.1}{PEDAGOGICAL METHODS OF MINING DATA}{subsection.3.1}% 6
\BOOKMARK [3][-]{subsubsection.3.1.2}{SELECTING FEATRES BASED ON SPECTRAL CLASSIFICATION}{subsection.3.1}% 7
\BOOKMARK [3][-]{subsubsection.3.1.3}{INTRICACIES IN THE SIGMOID PARAMETERS}{subsection.3.1}% 8
\BOOKMARK [3][-]{subsubsection.3.1.4}{DEPLOYMENT OF ITERATIVE DICHOTOMISER 3}{subsection.3.1}% 9
\BOOKMARK [3][-]{subsubsection.3.1.5}{GAUSSIAN KERNEL PARAMETERS}{subsection.3.1}% 10
\BOOKMARK [1][-]{section.4}{PROBLEM IDENTIFICATION}{}% 11
\BOOKMARK [2][-]{subsection.4.1}{OBJECTIVE}{section.4}% 12
\BOOKMARK [1][-]{section.5}{SYSTEM METHODOLOGY}{}% 13
\BOOKMARK [2][-]{subsection.5.1}{DATA CLEANING}{section.5}% 14
\BOOKMARK [2][-]{subsection.5.2}{TRAIN AND TEST SPLIT}{section.5}% 15
\BOOKMARK [2][-]{subsection.5.3}{MODEL FITTING AND TESTING}{section.5}% 16
\BOOKMARK [1][-]{section.6}{TECHNOLOGY DESIGN}{}% 17
\BOOKMARK [2][-]{subsection.6.1}{ENVIRONEMNT SETUP}{section.6}% 18
\BOOKMARK [2][-]{subsection.6.2}{LIBRARIES AND DEPENDENCIES}{section.6}% 19
\BOOKMARK [1][-]{section.7}{IMPLEMENTATION}{}% 20
\BOOKMARK [2][-]{subsection.7.1}{CODE}{section.7}% 21
\BOOKMARK [3][-]{subsubsection.7.1.1}{DATA PREPROCESSING}{subsection.7.1}% 22
\BOOKMARK [2][-]{subsection.7.2}{TESTING}{section.7}% 23
\BOOKMARK [3][-]{subsubsection.7.2.1}{TESTING THE BASE PAPER MODELS}{subsection.7.2}% 24
\BOOKMARK [3][-]{subsubsection.7.2.2}{DESIGNING AND TESTING PROPOSED MODELS}{subsection.7.2}% 25
\BOOKMARK [1][-]{section.8}{RESULTS AND VALIDATION}{}% 26
\BOOKMARK [1][-]{section.9}{CONCLUSION}{}% 27
\BOOKMARK [2][-]{subsection.9.1}{FUTURE SCOPE}{section.9}% 28
\BOOKMARK [1][-]{section.10}{REFERENCES}{}% 29
